Traceback (most recent call last):
  File "/jet/home/zliu51/project/src/run_textual_cot.py", line 131, in <module>
    run_textual_cot()
  File "/jet/home/zliu51/project/src/run_textual_cot.py", line 57, in run_textual_cot
    examples = load_vsr_dev_subset(n=N_EXAMPLES)
               ^^^^^^^^^^^^^^^^^^^^^^^^^^^^^^^^^
  File "/jet/home/zliu51/project/src/load_vsr.py", line 172, in load_vsr_dev_subset
    ds = load_dataset(HF_DATASET_NAME, split=HF_SPLIT)
         ^^^^^^^^^^^^^^^^^^^^^^^^^^^^^^^^^^^^^^^^^^^^^
  File "/jet/home/zliu51/.local/lib/python3.12/site-packages/datasets/load.py", line 1688, in load_dataset
    builder_instance = load_dataset_builder(
                       ^^^^^^^^^^^^^^^^^^^^^
  File "/jet/home/zliu51/.local/lib/python3.12/site-packages/datasets/load.py", line 1315, in load_dataset_builder
    dataset_module = dataset_module_factory(
                     ^^^^^^^^^^^^^^^^^^^^^^^
  File "/jet/home/zliu51/.local/lib/python3.12/site-packages/datasets/load.py", line 1207, in dataset_module_factory
    raise e1 from None
  File "/jet/home/zliu51/.local/lib/python3.12/site-packages/datasets/load.py", line 1149, in dataset_module_factory
    raise ConnectionError(f"Couldn't reach '{path}' on the Hub ({e.__class__.__name__})") from e
ConnectionError: Couldn't reach 'cambridgeltl/vsr_zeroshot' on the Hub (OfflineModeIsEnabled)
